<?xml version="1.0" encoding="UTF-8"?>
<!-- Generated by org.testng.reporters.JUnitReportReporter -->
<testsuite hostname="kadmel-HP" name="Tests.navegador" tests="1" failures="0" timestamp="24 Jun 2019 01:44:27 GMT" time="77.594" errors="0">
  <testcase name="registrandoUsuarios" time="77.594" classname="Tests.navegador"/>
</testsuite> <!-- Tests.navegador -->
