<?xml version="1.0" encoding="UTF-8"?>
<!-- Generated by org.testng.reporters.JUnitReportReporter -->
<testsuite hostname="kadmel-HP" name="Tests.navegador" tests="1" failures="0" timestamp="25 Jun 2019 04:08:59 GMT" time="15.940" errors="0">
  <testcase name="iniciandoSencionConUsuarioIncorrecto" time="15.940" classname="Tests.navegador"/>
</testsuite> <!-- Tests.navegador -->
